Build started 4/21/2014 2:20:30 AM.
     1>Project "C:\Users\Varuzh\documents\visual studio 2013\Projects\Htable\Htable\Htable.vcxproj" on node 2 (Build target(s)).
     1>ClCompile:
         C:\Program Files (x86)\Microsoft Visual Studio 12.0\VC\bin\CL.exe /c /ZI /nologo /W3 /WX- /sdl /Od /Oy- /D WIN32 /D _DEBUG /D _CONSOLE /D _LIB /D _UNICODE /D UNICODE /Gm /EHsc /RTC1 /MDd /GS /fp:precise /Zc:wchar_t /Zc:forScope /Fo"Debug\\" /Fd"Debug\vc120.pdb" /Gd /TP /analyze- /errorReport:prompt a.cpp
         a.cpp
     1>c:\users\varuzh\documents\visual studio 2013\projects\htable\htable\htable.h(81): warning C4018: '<' : signed/unsigned mismatch
                 c:\users\varuzh\documents\visual studio 2013\projects\htable\htable\htable.h(77) : while compiling class template member function 'void htable<std::string>::printElement(std::string)'
                 c:\users\varuzh\documents\visual studio 2013\projects\htable\htable\a.cpp(16) : see reference to function template instantiation 'void htable<std::string>::printElement(std::string)' being compiled
                 c:\users\varuzh\documents\visual studio 2013\projects\htable\htable\a.cpp(6) : see reference to class template instantiation 'htable<std::string>' being compiled
     1>c:\users\varuzh\documents\visual studio 2013\projects\htable\htable\htable.h(17): warning C4018: '<' : signed/unsigned mismatch
                 c:\users\varuzh\documents\visual studio 2013\projects\htable\htable\htable.h(15) : while compiling class template member function 'int htable<std::string>::Hfunc(std::string)'
                 c:\users\varuzh\documents\visual studio 2013\projects\htable\htable\htable.h(47) : see reference to function template instantiation 'int htable<std::string>::Hfunc(std::string)' being compiled
     1>c:\users\varuzh\documents\visual studio 2013\projects\htable\htable\htable.h(28): warning C4018: '<' : signed/unsigned mismatch
                 c:\users\varuzh\documents\visual studio 2013\projects\htable\htable\htable.h(25) : while compiling class template member function 'int htable<std::string>::find(std::string)'
                 c:\users\varuzh\documents\visual studio 2013\projects\htable\htable\htable.h(80) : see reference to function template instantiation 'int htable<std::string>::find(std::string)' being compiled
     1>c:\users\varuzh\documents\visual studio 2013\projects\htable\htable\htable.h(67): warning C4018: '<' : signed/unsigned mismatch
                 c:\users\varuzh\documents\visual studio 2013\projects\htable\htable\htable.h(64) : while compiling class template member function 'bool htable<std::string>::check_name(std::string)'
                 c:\users\varuzh\documents\visual studio 2013\projects\htable\htable\htable.h(78) : see reference to function template instantiation 'bool htable<std::string>::check_name(std::string)' being compiled
       Link:
         C:\Program Files (x86)\Microsoft Visual Studio 12.0\VC\bin\link.exe /ERRORREPORT:PROMPT /OUT:"C:\Users\Varuzh\documents\visual studio 2013\Projects\Htable\Debug\Htable.exe" /INCREMENTAL /NOLOGO kernel32.lib user32.lib gdi32.lib winspool.lib comdlg32.lib advapi32.lib shell32.lib ole32.lib oleaut32.lib uuid.lib odbc32.lib odbccp32.lib /MANIFEST /MANIFESTUAC:"level='asInvoker' uiAccess='false'" /manifest:embed /DEBUG /PDB:"C:\Users\Varuzh\documents\visual studio 2013\Projects\Htable\Debug\Htable.pdb" /SUBSYSTEM:CONSOLE /TLBID:1 /DYNAMICBASE /NXCOMPAT /IMPLIB:"C:\Users\Varuzh\documents\visual studio 2013\Projects\Htable\Debug\Htable.lib" /MACHINE:X86 Debug\a.obj
         Htable.vcxproj -> C:\Users\Varuzh\documents\visual studio 2013\Projects\Htable\Debug\Htable.exe
     1>Done Building Project "C:\Users\Varuzh\documents\visual studio 2013\Projects\Htable\Htable\Htable.vcxproj" (Build target(s)).

Build succeeded.

Time Elapsed 00:00:01.06
